<?xml version="1.0" encoding="UTF-8"?>
<robot generator="Robot 6.1.1 (Python 3.11.5 on win32)" generated="20230925 08:50:59.731" rpa="false" schemaversion="4">
<suite id="s1" name="Tests" source="Z:\QAX\projects\markx-robot\tests">
<suite id="s1-s1" name="Login" source="Z:\QAX\projects\markx-robot\tests\login.robot">
<test id="s1-s1-t1" name="Deve logar com sucesso" line="8">
<kw name="Open Application" library="AppiumLibrary">
<arg>http://localhost:4723</arg>
<arg>platformName=Android</arg>
<arg>deviceName=Android Emulator</arg>
<arg>automationName=UIAutomator2</arg>
<arg>app=${EXECDIR}/apps/markx.apk</arg>
<arg>udid=emulator-5554</arg>
<arg>autoGrantPermissions=true</arg>
<doc>Opens a new application to given Appium server.
Capabilities of appium server, Android and iOS,
Please check https://github.com/appium/appium/blob/master/docs/en/writing-running-appium/server-args.md
| *Option*            | *Man.* | *Description*     |
| remote_url          | Yes    | Appium server url |
| alias               | no     | alias             |
| strict_ssl          | No     | allows you to send commands to an invalid certificate host like a self-signed one. |</doc>
<status status="PASS" starttime="20230925 08:50:59.882" endtime="20230925 08:51:08.585"/>
</kw>
<kw name="Input Text" library="AppiumLibrary">
<arg>xpath=//*[@resource-id="apiIp"]</arg>
<arg>192.168.15.82</arg>
<doc>Types the given `text` into text field identified by `locator`.</doc>
<msg timestamp="20230925 08:51:08.586" level="INFO">Typing text '192.168.15.82' into text field 'xpath=//*[@resource-id="apiIp"]'</msg>
<msg timestamp="20230925 08:51:10.530" level="INFO">xpath criteria: //*[@resource-id="apiIp"]</msg>
<status status="PASS" starttime="20230925 08:51:08.586" endtime="20230925 08:51:10.530"/>
</kw>
<kw name="Click Element" library="AppiumLibrary">
<arg>xpath=//*[@resource-id="signInButton"]</arg>
<doc>Click element identified by `locator`.</doc>
<msg timestamp="20230925 08:51:10.530" level="INFO">Clicking element 'xpath=//*[@resource-id="signInButton"]'.</msg>
<msg timestamp="20230925 08:51:11.175" level="INFO">xpath criteria: //*[@resource-id="signInButton"]</msg>
<status status="PASS" starttime="20230925 08:51:10.530" endtime="20230925 08:51:11.175"/>
</kw>
<kw name="Wait Until Page Contains" library="AppiumLibrary">
<arg>Minhas tarefas</arg>
<arg>5</arg>
<doc>Waits until `text` appears on current page.</doc>
<status status="PASS" starttime="20230925 08:51:11.175" endtime="20230925 08:51:12.097"/>
</kw>
<kw name="Sleep" library="BuiltIn">
<arg>10</arg>
<doc>Pauses the test executed for the given time.</doc>
<msg timestamp="20230925 08:51:22.098" level="INFO">Slept 10 seconds</msg>
<status status="PASS" starttime="20230925 08:51:12.097" endtime="20230925 08:51:22.098"/>
</kw>
<kw name="Close Application" library="AppiumLibrary">
<doc>Closes the current application and also close webdriver session.</doc>
<status status="PASS" starttime="20230925 08:51:22.098" endtime="20230925 08:51:22.307"/>
</kw>
<status status="PASS" starttime="20230925 08:50:59.881" endtime="20230925 08:51:22.307"/>
</test>
<doc>Testes de Login</doc>
<status status="PASS" starttime="20230925 08:50:59.746" endtime="20230925 08:51:22.307"/>
</suite>
<status status="PASS" starttime="20230925 08:50:59.732" endtime="20230925 08:51:22.308"/>
</suite>
<statistics>
<total>
<stat pass="1" fail="0" skip="0">All Tests</stat>
</total>
<tag>
</tag>
<suite>
<stat pass="1" fail="0" skip="0" id="s1" name="Tests">Tests</stat>
<stat pass="1" fail="0" skip="0" id="s1-s1" name="Login">Tests.Login</stat>
</suite>
</statistics>
<errors>
</errors>
</robot>
